    1.356	 59.1287	 -98.7831
    1.374	 59.1614	 -98.7770
    1.393	 59.2109	 -95.5377
    1.412	 59.2615	 -93.9083
    1.431	 59.3124	 -90.6562
    1.450	 59.3635	 -87.3916
    1.470	 59.4149	 -84.1154
    1.490	 59.4664	 -80.8288
    1.510	 59.5181	 -77.5328
    1.530	 59.5699	 -74.2284
    1.551	 59.6218	 -70.9169
    1.572	 59.6737	 -67.5996
    1.594	 59.7255	 -64.2778
    1.615	 59.7773	 -60.9528
    1.637	 59.8290	 -57.6262
    1.659	 59.8804	 -54.2995
    1.682	 59.9317	 -50.9743
    1.705	 59.9826	 -47.6523
    1.728	 60.0331	 -44.3353
    1.751	 60.0833	 -41.0252
    1.775	 60.1329	 -37.7240
    1.799	 60.1819	 -34.4338
    1.823	 60.2302	 -31.1566
    1.848	 60.2777	 -27.8949
    1.873	 60.3244	 -24.6510
    1.899	 60.3701	 -21.4274
    1.924	 60.4147	 -18.2267
    1.951	 60.4582	 -15.0517
    1.977	 60.5004	 -11.9053
    2.004	 60.5411	 -8.7905
    2.031	 60.5802	 -5.7104
    2.059	 60.6177	 -2.6683
    2.086	 60.6533	 0.3323
    2.115	 60.6869	 3.2877
    2.143	 60.7183	 6.1943
    2.173	 60.7474	 9.0481
    2.202	 60.7740	 11.8449
    2.232	 60.7979	 14.5804
    2.262	 60.8189	 17.2502
    2.293	 60.8368	 19.8494
    2.324	 60.8513	 22.3733
    2.356	 60.8622	 24.8167
    2.387	 60.8693	 27.1741
    2.420	 60.8724	 29.4400
    2.453	 60.8711	 31.6086
    2.486	 60.8652	 33.6738
    2.520	 60.8543	 35.6292
    2.554	 60.8382	 37.4681
    2.589	 60.8165	 39.1836
    2.624	 60.7890	 40.7686
    2.659	 60.7551	 42.2231
    2.695	 60.7155	 43.5529
    2.732	 60.6717	 44.7641
    2.769	 60.6255	 45.8635
    2.807	 60.5773	 46.8585
    2.845	 60.5272	 47.7496
    2.883	 60.4749	 48.5322
    2.922	 60.4205	 49.2016
    2.962	 60.3639	 49.7527
    3.002	 60.3050	 50.1805
    3.043	 60.2438	 50.4799
    3.084	 60.1801	 50.6452
    3.126	 60.1140	 50.6711
    3.168	 60.0452	 50.5516
    3.211	 59.9738	 50.2810
    3.255	 59.8997	 49.8529
    3.299	 59.8227	 49.2611
    3.344	 59.7428	 48.4990
    3.389	 59.6598	 47.5600
    3.435	 59.5738	 46.4370
    3.482	 59.4846	 45.1229
    3.529	 59.3921	 43.6102
    3.577	 59.2961	 41.8914
    3.626	 59.1967	 39.9586
    3.675	 59.0937	 37.8036
    3.725	 58.9869	 35.4182
    3.775	 58.8763	 32.7936
    3.826	 58.7617	 29.9210
    3.878	 58.6431	 26.7912
    3.931	 58.5202	 23.3935
    3.984	 58.3934	 19.6198
    4.038	 58.2685	 15.4285
    4.093	 58.1497	 10.7840
    4.149	 58.0289	 5.6569
    4.205	 57.8987	 0.0263
    4.262	 57.7592	 -6.0242
    4.320	 57.6110	 -12.4694
    4.378	 57.4546	 -19.2814
    4.438	 57.2908	 -26.4293
    4.498	 57.1202	 -33.8787
    4.559	 56.9437	 -41.5924
    4.621	 56.7622	 -49.5289
    4.684	 56.5766	 -57.6435
    4.747	 56.3880	 -65.8871
    4.812	 56.1975	 -74.2064
    4.877	 56.0064	 -82.5437
    4.943	 55.8161	 -90.8364
    5.010	 55.6280	 -99.0169
    5.078	 55.4436	 -107.0123
    5.147	 55.2648	 -114.7439
    5.217	 55.0932	 -122.1273
    5.288	 54.9326	 -129.1653
    5.359	 54.8344	 -135.8556
    5.432	 54.8694	 -142.1814
    5.506	 55.0111	 -148.1547
    5.580	 55.1844	 -153.8176
    5.656	 55.3637	 -159.1522
    5.733	 55.5481	 -164.1748
    5.811	 55.7379	 -168.9474
    5.889	 55.9333	 -173.5382
    5.969	 56.1344	 -178.0211
    6.050	 56.3413	 177.5230
    6.132	 56.5542	 173.0066
    6.216	 56.7733	 168.3349
    6.300	 56.9988	 163.4050
    6.385	 57.2308	 158.1062
    6.472	 57.4695	 152.3191
    6.560	 57.7152	 145.9337
    6.649	 57.9669	 138.9307
    6.739	 58.2189	 131.1459
    6.831	 58.4697	 122.4702
    6.923	 58.7276	 112.8550
    7.017	 58.9979	 102.2975
    7.112	 59.2794	 90.7661
    7.209	 59.5706	 78.4399
    7.307	 59.8696	 65.5149
    7.406	 60.1747	 52.2042
    7.506	 60.4836	 38.7397
    7.608	 60.7942	 25.3731
    7.711	 61.1041	 12.3766
    7.816	 61.4106	 0.0444
    7.922	 61.7076	 -10.5465
    8.030	 61.8955	 -18.7787
    8.138	 61.7857	 -24.6975
    8.249	 61.3005	 -28.4077
    8.361	 60.5239	 -30.0786
    8.474	 59.5491	 -30.7085
    8.589	 58.4230	 -30.8866
    8.706	 57.1951	 -30.5941
    8.824	 55.9204	 -29.8118
    8.944	 54.6600	 -28.5196
    9.065	 53.4820	 -26.6971
    9.188	 52.4621	 -24.3692
    9.313	 51.6931	 -21.7157
    9.439	 51.3025	 -18.6174
    9.567	 51.3371	 -15.0050
    9.697	 51.6779	 -10.8643
    9.828	 52.2072	 -6.1942
    9.962	 52.8647	 -0.9024
   10.097	 53.5883	 4.7355
   10.234	 54.3122	 10.4198
   10.373	 54.9669	 15.8259
   10.513	 55.4795	 20.4994
   10.656	 55.7792	 23.7739
   10.801	 55.8348	 25.4391
   10.947	 55.6722	 25.4238
   11.096	 55.3372	 23.8085
   11.246	 54.8732	 20.9404
   11.399	 54.3291	 17.5278
   11.554	 53.7593	 13.9847
   11.710	 53.2240	 10.7601
   11.869	 52.7899	 8.2718
   12.030	 52.5203	 6.6597
   12.193	 52.4476	 5.9611
   12.359	 52.5632	 6.1204
   12.527	 52.8324	 6.9813
   12.697	 53.2016	 8.3468
   12.869	 53.6062	 10.2200
   13.043	 53.9774	 12.6212
   13.220	 54.2437	 15.4477
   13.400	 54.3520	 18.8738
   13.582	 54.2579	 23.0661
   13.766	 53.9215	 28.0617
   13.953	 53.3598	 33.7567
   14.142	 52.6642	 40.0182
   14.334	 51.9579	 46.2730
   14.528	 51.3858	 50.7727
   14.725	 51.2105	 51.6950
   14.925	 51.8077	 48.2417
   15.128	 53.2268	 40.1899
   15.333	 55.1398	 27.9414
   15.541	 57.2058	 13.5793
   15.752	 59.1261	 0.0678
   15.966	 60.5999	 -10.3228
   16.182	 61.3905	 -17.1433
   16.402	 61.5127	 -20.4054
   16.624	 61.2120	 -20.6200
   16.850	 60.7421	 -18.9761
   17.078	 60.2822	 -16.8943
   17.310	 60.0330	 -14.4461
   17.545	 60.1291	 -11.5630
   17.783	 60.5166	 -8.2722
   18.024	 61.0523	 -4.7047
   18.269	 61.6339	 -1.0613
   18.517	 62.1852	 1.9597
   18.768	 62.6542	 3.6179
   19.023	 63.0443	 3.6216
   19.281	 63.3828	 2.0184
   19.542	 63.6773	 -0.7771
   19.807	 63.9234	 -3.5679
   20.076	 64.1157	 -5.4292
   20.349	 64.2331	 -5.9875
   20.625	 64.2601	 -5.2817
   20.904	 64.2282	 -3.7976
   21.188	 64.2115	 -2.4097
   21.476	 64.3118	 -1.5291
   21.767	 64.5811	 -1.3410
   22.062	 64.9579	 -1.8590
   22.362	 65.3625	 -2.8956
   22.665	 65.7577	 -4.1204
   22.972	 66.1341	 -5.5094
   23.284	 66.4963	 -7.0252
   23.600	 66.8413	 -8.5725
   23.920	 67.1597	 -9.9311
   24.245	 67.4013	 -11.0326
   24.574	 67.5178	 -11.7933
   24.907	 67.5491	 -12.1742
   25.245	 67.5848	 -12.2036
   25.588	 67.6925	 -12.0180
   25.935	 67.8846	 -11.6651
   26.287	 68.1191	 -11.2945
   26.643	 68.3535	 -11.1323
   27.005	 68.5674	 -11.2490
   27.371	 68.7583	 -11.6809
   27.743	 68.9402	 -12.3500
   28.119	 69.1390	 -13.1129
   28.501	 69.3751	 -13.7816
   28.887	 69.6495	 -14.3462
   29.279	 69.9558	 -14.8677
   29.676	 70.2990	 -15.4388
   30.079	 70.6881	 -16.0763
   30.487	 71.0991	 -16.6996
   30.901	 71.4215	 -17.2200
   31.320	 71.5555	 -17.6247
   31.745	 71.5583	 -18.0053
   32.176	 71.6064	 -18.4705
   32.612	 71.8046	 -19.0865
   33.055	 72.1019	 -19.7764
   33.503	 72.3969	 -20.4612
   33.958	 72.6467	 -21.0376
   34.418	 72.8685	 -21.4535
   34.885	 73.0979	 -21.7319
   35.359	 73.3506	 -22.0116
   35.838	 73.6183	 -22.3488
   36.325	 73.8840	 -22.7357
   36.818	 74.1420	 -23.1374
   37.317	 74.3986	 -23.5558
   37.823	 74.6593	 -23.9975
   38.337	 74.9243	 -24.5191
   38.857	 75.1801	 -25.1831
   39.384	 75.4072	 -25.9485
   39.918	 75.6067	 -26.7459
   40.460	 75.7920	 -27.5406
   41.009	 75.9716	 -28.2533
   41.565	 76.1730	 -28.7902
   42.129	 76.4347	 -29.2776
   42.701	 76.7334	 -29.9976
   43.280	 77.0051	 -30.9044
   43.867	 77.2313	 -31.7567
   44.463	 77.4294	 -32.5791
   45.066	 77.6138	 -33.3847
   45.677	 77.8135	 -33.9620
   46.297	 78.0528	 -34.3842
   46.925	 78.3150	 -34.9176
   47.562	 78.5732	 -35.5844
   48.207	 78.8116	 -36.3055
   48.861	 79.0194	 -37.0414
   49.524	 79.2076	 -37.7667
   50.196	 79.3993	 -38.5074
   50.877	 79.6049	 -39.2663
   51.567	 79.8250	 -39.9804
   52.267	 80.0532	 -40.6565
   52.976	 80.2802	 -41.4213
   53.695	 80.5092	 -42.2694
   54.423	 80.7480	 -43.1369
   55.162	 80.9910	 -44.0707
   55.910	 81.2275	 -45.1307
   56.669	 81.4534	 -46.1799
   57.438	 81.6560	 -47.1176
   58.217	 81.8052	 -47.8906
   59.007	 81.9358	 -48.4780
   59.807	 82.1259	 -49.0685
   60.619	 82.3444	 -49.6816
   61.441	 82.5371	 -50.3752
   62.275	 82.7454	 -51.2214
   63.120	 82.9801	 -52.2441
   63.976	 83.1947	 -53.2692
   64.844	 83.3767	 -54.2156
   65.724	 83.5672	 -55.0907
   66.616	 83.8016	 -55.9651
   67.520	 84.0455	 -56.8615
   68.436	 84.2592	 -57.7218
   69.364	 84.4540	 -58.6179
   70.305	 84.6395	 -59.5652
   71.259	 84.8140	 -60.5160
   72.226	 84.9865	 -61.4472
   73.206	 85.1694	 -62.4211
   74.199	 85.3682	 -63.4652
   75.206	 85.5716	 -64.5373
   76.226	 85.7636	 -65.6064
   77.261	 85.9454	 -66.6946
   78.309	 86.1279	 -67.7567
   79.371	 86.3099	 -68.7828
   80.448	 86.4906	 -69.8201
   81.540	 86.6759	 -70.9174
   82.646	 86.8593	 -72.0515
   83.767	 87.0300	 -73.1934
   84.904	 87.1866	 -74.3581
   86.056	 87.3401	 -75.5573
   87.223	 87.4989	 -76.7653
   88.407	 87.6439	 -77.9459
   89.606	 87.7645	 -79.0924
   90.822	 87.8823	 -80.1759
   92.054	 88.0142	 -81.1700
   93.303	 88.1557	 -82.1210
   94.569	 88.3091	 -83.1250
   95.852	 88.5223	 -84.2216
   97.153	 88.7397	 -85.4655
   98.471	 88.8666	 -86.7569
   99.807	 88.9451	 -88.0644
  101.161	 89.0307	 -89.2975
  102.534	 89.1179	 -90.4241
  103.925	 89.2098	 -91.3709
  105.335	 89.3170	 -92.2914
  106.764	 89.4569	 -93.2189
  108.213	 89.6239	 -94.1929
  109.681	 89.7952	 -95.2827
  111.169	 89.9425	 -96.4461
  112.677	 90.0572	 -97.6462
  114.206	 90.1638	 -98.8629
  115.755	 90.2869	 -100.1174
  117.326	 90.4156	 -101.3679
  118.918	 90.5254	 -102.6124
  120.531	 90.6083	 -103.8156
  122.167	 90.6827	 -104.9890
  123.824	 90.7671	 -106.1243
  125.504	 90.8642	 -107.2016
  127.207	 90.9706	 -108.2717
  128.933	 91.0744	 -109.4180
  130.682	 91.1697	 -110.5841
  132.455	 91.2626	 -111.7440
  134.252	 91.3498	 -112.9029
  136.074	 91.4306	 -114.0879
  137.920	 91.5091	 -115.1966
  139.791	 91.5843	 -116.2967
  141.688	 91.6646	 -117.3859
  143.610	 91.7603	 -118.5016
  145.559	 91.8640	 -119.6946
  147.534	 91.9587	 -120.9661
  149.536	 92.0310	 -122.2033
  151.564	 92.0849	 -123.5032
  153.621	 92.1360	 -124.7530
  155.705	 92.1959	 -125.9915
  157.818	 92.2597	 -127.2435
  159.959	 92.2990	 -128.4881
  162.129	 92.3025	 -129.6010
  164.329	 92.3135	 -130.7343
  166.558	 92.3714	 -131.8885
  168.818	 92.4417	 -132.9693
  171.109	 92.4701	 -133.9947
  173.430	 92.4647	 -135.1041
  175.783	 92.4660	 -136.0967
  178.168	 92.4843	 -136.9331
  180.586	 92.5182	 -137.7810
  183.036	 92.5782	 -138.7803
  185.519	 92.6479	 -139.7311
  188.036	 92.6961	 -140.7820
  190.588	 92.7142	 -141.8477
  193.173	 92.7281	 -142.8872
  195.794	 92.7486	 -143.7668
  198.451	 92.7585	 -144.5905
  201.143	 92.7687	 -145.3582
  203.872	 92.8107	 -146.1881
  206.638	 92.8881	 -147.0739
  209.442	 92.9748	 -148.0929
  212.284	 93.0429	 -149.2883
  215.164	 93.0797	 -150.5535
  218.083	 93.0838	 -151.7466
  221.042	 93.0614	 -152.7864
  224.041	 93.0470	 -153.9670
  227.081	 93.0840	 -155.1089
  230.162	 93.1078	 -156.0869
  233.285	 93.0514	 -157.1031
  236.450	 92.9961	 -158.2086
  239.658	 92.9901	 -159.0331
  242.910	 92.9734	 -159.7089
  246.205	 92.9414	 -160.4937
  249.546	 92.9252	 -161.1479
  252.931	 92.9236	 -161.7678
  256.363	 92.9514	 -162.5317
  259.841	 93.0064	 -163.4232
  263.367	 93.0314	 -164.2370
  266.940	 93.0002	 -165.0952
  270.562	 92.9577	 -165.9516
  274.233	 92.9478	 -166.7497
  277.954	 92.9490	 -167.2954
  281.725	 92.9307	 -167.8970
  285.547	 92.9412	 -168.6642
  289.421	 92.9689	 -159.5037
  293.348	 92.9749	 -160.2120
  297.328	 92.9791	 -160.8951
  301.362	 92.9822	 -161.5527
  305.451	 92.9843	 -162.2045
  309.595	 92.9855	 -162.8529
  313.796	 92.9859	 -163.4916
  318.053	 92.9858	 -164.1021
  322.369	 92.9856	 -164.6847
  326.743	 92.9855	 -165.2500
  331.176	 92.9860	 -165.7876
  335.669	 92.9874	 -166.2940
  340.223	 92.9900	 -166.7868
  344.839	 92.9944	 -167.2654
  349.518	 93.0010	 -167.7001
  354.260	 93.0102	 -168.1329
  359.067	 93.0228	 -168.5302
  363.938	 93.0386	 -168.9145
  368.876	 93.0578	 -169.2876
  373.881	 93.0826	 -169.6430
  378.954	 93.1127	 -169.9822
  384.095	 93.1470	 -170.3290
  389.307	 93.1876	 -170.6676
  394.589	 93.2349	 -171.0027
  399.942	 93.2878	 -171.3477
  405.369	 93.3463	 -171.6984
  410.869	 93.4101	 -172.0695
  416.443	 93.4814	 -172.4669
  422.093	 93.5621	 -172.8846
  427.820	 93.6475	 -173.3265
  433.625	 93.7327	 -173.8225
  439.508	 93.8242	 -174.3410
  445.471	 93.9234	 -174.9135
  451.515	 94.0256	 -175.5235
  457.641	 94.1290	 -176.2073
  463.850	 94.2337	 -176.9433
  470.144	 94.3438	 -177.7416
  476.523	 94.4554	 -178.5937
  482.988	 94.5628	 -179.5316
  489.541	 94.6697	 179.4768
  496.183	 94.7755	 178.4338
  502.915	 94.8765	 177.3228
  509.738	 94.9719	 176.1653
  516.654	 95.0612	 174.9133
  523.664	 95.1470	 173.6215
  530.769	 95.2281	 172.2943
  537.971	 95.2973	 170.8819
  545.270	 95.3565	 169.4155
  552.668	 95.4091	 167.9520
  560.166	 95.4510	 166.4183
  567.766	 95.4809	 164.8478
  575.470	 95.4993	 163.2740
  583.277	 95.5054	 161.6776
  591.191	 95.4986	 160.0667
  599.212	 95.4789	 158.4774
  607.342	 95.4461	 156.8910
  615.583	 95.4007	 155.2965
  623.935	 95.3401	 153.7523
  632.400	 95.2649	 152.2669
  640.980	 95.1811	 150.8097
  649.677	 95.0863	 149.3956
  658.492	 94.9748	 148.1022
  667.426	 94.8532	 146.8899
  676.481	 94.7297	 145.7562
  685.660	 94.6029	 144.7516
  694.962	 94.4709	 143.8714
  704.391	 94.3370	 143.1083
  713.948	 94.2070	 142.4625
  723.635	 94.0885	 141.9339
  733.453	 93.9822	 141.5180
  743.405	 93.8896	 141.2007
  753.491	 93.8170	 140.9530
  763.714	 93.7667	 140.7494
  774.076	 93.7391	 140.5656
  784.578	 93.7350	 140.3616
  795.223	 93.7531	 140.1048
  806.013	 93.7923	 139.7693
  816.948	 93.8487	 139.3316
  828.033	 93.9161	 138.7556
  839.267	 93.9917	 138.0513
  850.654	 94.0713	 137.1953
  862.196	 94.1482	 136.1829
  873.894	 94.2193	 135.0208
  885.750	 94.2803	 133.7433
  897.768	 94.3258	 132.3482
  909.949	 94.3534	 130.8663
  922.295	 94.3612	 129.3424
  934.808	 94.3486	 127.7715
  947.491	 94.3146	 126.1992
  960.347	 94.2592	 124.6385
  973.376	 94.1841	 123.1341
  986.583	 94.0916	 121.6933
  999.969	 93.9854	 120.3689
 1013.536	 93.8707	 119.1571
 1027.287	 93.7522	 118.0632
 1041.225	 93.6323	 117.0939
 1055.352	 93.5144	 116.2327
 1069.671	 93.4053	 115.4624
 1084.184	 93.3087	 114.7602
 1098.894	 93.2255	 114.1150
 1113.803	 93.1563	 113.4909
 1128.915	 93.0984	 112.8599
 1144.232	 93.0474	 112.2066
 1159.757	 92.9978	 111.5343
 1175.492	 92.9470	 110.8462
 1191.441	 92.8922	 110.1640
 1207.606	 92.8308	 109.5239
 1223.990	 92.7623	 108.9709
 1240.597	 92.6909	 108.5323
 1257.429	 92.6254	 108.2425
 1274.490	 92.5756	 108.1117
 1291.782	 92.5535	 108.1311
 1309.308	 92.5719	 108.2493
 1327.073	 92.6424	 108.3914
 1345.078	 92.7694	 108.4573
 1363.328	 92.9494	 108.3391
 1381.825	 93.1759	 107.9405
 1400.573	 93.4326	 107.1768
 1419.576	 93.6997	 106.0276
 1438.836	 93.9582	 104.4678
 1458.358	 94.1915	 102.5359
 1478.145	 94.3894	 100.2988
 1498.200	 94.5410	 97.8365
 1518.527	 94.6393	 95.2496
 1539.130	 94.6855	 92.6336
 1560.012	 94.6841	 90.0842
 1581.178	 94.6442	 87.6668
 1602.631	 94.5786	 85.4597
 1624.375	 94.5045	 83.4394
 1646.415	 94.4389	 81.6216
 1668.753	 94.3953	 79.9313
 1691.394	 94.3811	 78.2900
 1714.342	 94.3948	 76.5675
 1737.602	 94.4263	 74.7162
 1761.177	 94.4591	 72.6728
 1785.073	 94.4739	 70.4561
 1809.292	 94.4536	 68.1028
 1833.840	 94.3867	 65.7586
 1858.721	 94.2706	 63.5374
 1883.940	 94.1157	 61.5861
 1909.500	 93.9444	 59.9948
 1935.408	 93.7887	 58.8148
 1961.667	 93.6875	 57.9520
 1988.283	 93.6750	 57.2393
 2015.259	 93.7651	 56.4403
 2042.602	 93.9440	 55.3168
 2070.315	 94.1764	 53.6717
 2098.405	 94.4182	 51.4480
 2126.875	 94.6268	 48.6553
 2155.732	 94.7714	 45.4277
 2184.980	 94.8387	 41.9447
 2214.626	 94.8286	 38.4304
 2244.673	 94.7541	 34.9909
 2275.128	 94.6384	 31.7705
 2305.997	 94.5087	 28.7744
 2337.284	 94.3912	 25.9451
 2368.996	 94.3000	 23.1545
 2401.137	 94.2311	 20.2923
 2433.715	 94.1658	 17.2711
 2466.735	 94.0774	 14.0724
 2500.203	 93.9416	 10.7496
 2534.125	 93.7411	 7.4533
 2568.508	 93.4746	 4.3678
 2603.357	 93.1605	 1.6187
 2638.678	 92.8261	 -0.6889
 2674.479	 92.5066	 -2.5378
 2710.766	 92.2403	 -4.0397
 2747.545	 92.0495	 -5.3479
 2784.823	 91.9336	 -6.6321
 2822.607	 91.8762	 -8.0499
 2860.903	 91.8549	 -9.6889
 2899.719	 91.8502	 -11.5957
 2939.062	 91.8482	 -13.7444
 2978.938	 91.8405	 -16.1197
 3019.356	 91.8213	 -18.6639
 3060.322	 91.7874	 -21.3463
 3101.843	 91.7373	 -24.1369
 3143.928	 91.6700	 -27.0265
 3186.584	 91.5839	 -29.9533
 3229.819	 91.4765	 -32.9170
 3273.640	 91.3424	 -35.8413
 3318.056	 91.1779	 -38.6411
 3363.075	 90.9885	 -41.2250
 3408.704	 90.7930	 -43.5532
 3454.952	 90.6219	 -45.6187
 3501.828	 90.5073	 -47.5223
 3549.340	 90.4644	 -49.3956
 3597.497	 90.4858	 -51.3977
 3646.307	 90.5515	 -53.6562
 3695.779	 90.6432	 -56.2471
 3745.922	 90.7477	 -59.2160
 3796.746	 90.8510	 -62.5760
 3848.259	 90.9335	 -66.2789
 3900.471	 90.9732	 -70.2271
 3953.392	 90.9586	 -74.3406
 4007.031	 90.8987	 -78.5103
 4061.397	 90.8158	 -82.6913
 4116.501	 90.7247	 -86.8712
 4172.353	 90.6178	 -91.0521
 4228.962	 90.4757	 -95.1505
 4286.339	 90.2969	 -99.1665
 4344.495	 90.1082	 -103.0692
 4403.440	 89.9427	 -106.9170
 4463.185	 89.8052	 -110.7324
 4523.740	 89.6659	 -114.5735
 4585.117	 89.4942	 -118.3894
 4647.327	 89.2932	 -122.1544
 4710.380	 89.0896	 -125.7448
 4774.290	 88.9006	 -129.0927
 4839.066	 88.7294	 -132.1365
 4904.721	 88.6024	 -135.0145
 4971.267	 88.5816	 -137.9480
 5038.716	 88.7010	 -141.2143
 5107.080	 88.9118	 -145.0239
 5176.372	 89.1273	 -149.5967
 5246.604	 89.2939	 -154.9711
 5317.788	 89.3916	 -161.0074
 5389.938	 89.3903	 -167.3931
 5463.067	 89.2430	 -173.6747
 5537.189	 88.9417	 -179.4078
 5612.316	 88.5755	 175.5939
 5688.462	 88.3195	 171.1190
 5765.642	 88.3169	 166.6167
 5843.869	 88.5322	 161.4606
 5923.157	 88.7655	 155.4054
 6003.521	 88.8336	 148.5697
 6084.975	 88.7207	 141.1696
 6167.535	 88.5648	 133.4152
 6251.214	 88.4624	 125.4831
 6336.029	 88.3443	 117.1731
 6421.995	 88.1306	 107.8016
 6509.126	 87.7673	 97.6562
 6597.440	 87.0163	 89.6615
 6686.953	 85.6155	 85.0864
 6777.680	 84.1838	 80.2841
 6869.638	 84.2487	 74.2110
 6962.843	 84.8823	 68.7073
 7057.313	 84.4399	 63.6470
 7153.065	 82.9204	 56.4194
 7250.116	 81.5930	 50.3015
 7348.483	 81.1074	 47.8116
 7448.186	 80.6207	 46.8970
 7549.241	 80.0309	 45.2085
 7651.667	 79.7491	 43.9023
 7755.483	 79.9221	 42.7226
 7860.707	 80.5489	 39.9996
 7967.359	 81.4306	 34.7505
 8075.458	 82.2652	 26.6972
 8185.024	 82.7091	 16.8058
 8296.076	 82.5904	 6.4493
 8408.635	 82.0655	 -2.9812
 8522.722	 81.4956	 -10.8817
 8638.355	 81.3154	 -18.1261
 8755.559	 81.6524	 -25.7614
 8874.352	 82.1098	 -34.5529
 8994.757	 82.3337	 -44.7186
 9116.795	 82.2637	 -55.8285
 9240.489	 82.1426	 -68.0390
 9365.862	 82.2536	 -81.4597
 9492.936	 82.3375	 -95.6094
 9621.733	 81.9343	 -110.0668
 9752.278	 80.9448	 -123.8979
 9884.595	 79.6686	 -136.6918
10018.706	 78.6723	 -148.4992
10154.638	 78.1457	 -159.9516
10292.413	 77.6718	 -171.9424
10432.058	 76.9338	 175.0756
10573.598	 75.8918	 161.5826
10717.057	 74.6837	 148.6944
10862.463	 73.4523	 136.0525
11009.843	 72.2406	 123.6333
11159.221	 71.0181	 111.5340
11310.627	 69.5318	 100.4191
11464.086	 67.7540	 89.9420
11619.628	 65.9704	 81.2058
11777.280	 64.2951	 74.8213
11937.071	 62.8911	 67.8815
12099.030	 62.2493	 57.3292
12263.187	 62.0920	 42.6156
12429.570	 61.1439	 23.9389
12598.212	 58.5671	 -11.0633
12769.141	 54.0538	 -64.6003
12942.390	 49.9948	 -119.6936
13117.988	 53.5002	 -174.1217
13295.970	 57.3548	 131.5164
13476.366	 59.9391	 88.2215
13659.210	 61.5975	 60.1535
13844.534	 62.3304	 33.6815
14032.373	 61.9853	 7.4208
14222.761	 60.4958	 -13.7167
14415.731	 57.7898	 -19.7225
14611.320	 54.2526	 -22.0102
14809.563	 54.5737	 -24.8370
15010.496	 58.0032	 -30.0172
15214.154	 59.8695	 -39.5224
15420.576	 59.8723	 -60.6865
15629.798	 58.6506	 -83.9958
15841.859	 57.6048	 -106.5024
16056.798	 57.0025	 -126.2665
16274.652	 55.7336	 -145.5907
16495.463	 53.4634	 -167.0325
16719.268	 50.2299	 -163.3373
16946.111	 45.7938	 -154.0164
17176.031	 44.3086	 -144.0989
17409.072	 47.8344	 -132.1756
17645.273	 51.0658	 -121.6962
17884.680	 54.6722	 -140.3394
18127.334	 56.9308	 -163.5215
18373.281	 57.0639	 176.1565
18622.564	 55.7549	 153.8639
18875.230	 54.9101	 134.1326
19131.326	 54.8218	 119.6079
19390.895	 54.2396	 106.6656
19653.984	 52.7908	 102.5767
19920.645	 50.5843	 104.5435
20190.924	 49.7818	 110.0843
20464.869	 53.9124	 114.3577
20742.531	 59.4605	 111.4569
21023.961	 63.2028	 96.0029
21309.207	 64.6013	 76.0192
21598.326	 65.3386	 45.3374
21891.365	 66.3015	 30.8993
