    1.356	 48.3557	 2.7038
    1.374	 48.3559	 2.7038
    1.393	 48.3563	 2.7407
    1.412	 48.3567	 2.7594
    1.431	 48.3571	 2.7968
    1.450	 48.3575	 2.8347
    1.470	 48.3579	 2.8731
    1.490	 48.3584	 2.9121
    1.510	 48.3588	 2.9515
    1.530	 48.3593	 2.9915
    1.551	 48.3598	 3.0320
    1.572	 48.3602	 3.0730
    1.594	 48.3607	 3.1146
    1.615	 48.3612	 3.1568
    1.637	 48.3618	 3.1995
    1.659	 48.3623	 3.2427
    1.682	 48.3629	 3.2866
    1.705	 48.3634	 3.3310
    1.728	 48.3640	 3.3761
    1.751	 48.3646	 3.4217
    1.775	 48.3652	 3.4679
    1.799	 48.3659	 3.5148
    1.823	 48.3665	 3.5622
    1.848	 48.3672	 3.6103
    1.873	 48.3679	 3.6591
    1.899	 48.3686	 3.7085
    1.924	 48.3693	 3.7585
    1.951	 48.3700	 3.8092
    1.977	 48.3708	 3.8606
    2.004	 48.3716	 3.9127
    2.031	 48.3724	 3.9654
    2.059	 48.3732	 4.0189
    2.086	 48.3741	 4.0731
    2.115	 48.3749	 4.1279
    2.143	 48.3758	 4.1836
    2.173	 48.3768	 4.2399
    2.202	 48.3777	 4.2970
    2.232	 48.3787	 4.3549
    2.262	 48.3797	 4.4135
    2.293	 48.3807	 4.4730
    2.324	 48.3818	 4.5332
    2.356	 48.3829	 4.5942
    2.387	 48.3840	 4.6560
    2.420	 48.3851	 4.7186
    2.453	 48.3863	 4.7821
    2.486	 48.3875	 4.8464
    2.520	 48.3887	 4.9116
    2.554	 48.3900	 4.9776
    2.589	 48.3913	 5.0446
    2.624	 48.3927	 5.1124
    2.659	 48.3941	 5.1811
    2.695	 48.3955	 5.2507
    2.732	 48.3969	 5.3212
    2.769	 48.3984	 5.3927
    2.807	 48.4000	 5.4651
    2.845	 48.4016	 5.5384
    2.883	 48.4032	 5.6127
    2.922	 48.4049	 5.6880
    2.962	 48.4066	 5.7643
    3.002	 48.4083	 5.8415
    3.043	 48.4101	 5.9198
    3.084	 48.4120	 5.9990
    3.126	 48.4139	 6.0793
    3.168	 48.4159	 6.1607
    3.211	 48.4179	 6.2431
    3.255	 48.4199	 6.3266
    3.299	 48.4220	 6.4112
    3.344	 48.4242	 6.4968
    3.389	 48.4265	 6.5836
    3.435	 48.4287	 6.6715
    3.482	 48.4311	 6.7605
    3.529	 48.4335	 6.8507
    3.577	 48.4360	 6.9421
    3.626	 48.4385	 7.0346
    3.675	 48.4411	 7.1284
    3.725	 48.4438	 7.2233
    3.775	 48.4466	 7.3195
    3.826	 48.4494	 7.4169
    3.878	 48.4523	 7.5156
    3.931	 48.4553	 7.6155
    3.984	 48.4584	 7.7167
    4.038	 48.4615	 7.8192
    4.093	 48.4647	 7.9230
    4.149	 48.4681	 8.0281
    4.205	 48.4715	 8.1345
    4.262	 48.4749	 8.2422
    4.320	 48.4785	 8.3513
    4.378	 48.4822	 8.4617
    4.438	 48.4860	 8.5735
    4.498	 48.4898	 8.6868
    4.559	 48.4938	 8.8014
    4.621	 48.4979	 8.9174
    4.684	 48.5021	 9.0349
    4.747	 48.5064	 9.1538
    4.812	 48.5108	 9.2742
    4.877	 48.5153	 9.3961
    4.943	 48.5199	 9.5195
    5.010	 48.5247	 9.6444
    5.078	 48.5296	 9.7709
    5.147	 48.5346	 9.8989
    5.217	 48.5397	 10.0284
    5.288	 48.5450	 10.1596
    5.359	 48.5505	 10.2923
    5.432	 48.5560	 10.4265
    5.506	 48.5617	 10.5624
    5.580	 48.5676	 10.6998
    5.656	 48.5736	 10.8388
    5.733	 48.5798	 10.9794
    5.811	 48.5861	 11.1217
    5.889	 48.5926	 11.2657
    5.969	 48.5993	 11.4113
    6.050	 48.6061	 11.5587
    6.132	 48.6131	 11.7077
    6.216	 48.6203	 11.8585
    6.300	 48.6276	 12.0110
    6.385	 48.6351	 12.1652
    6.472	 48.6429	 12.3213
    6.560	 48.6508	 12.4791
    6.649	 48.6590	 12.6387
    6.739	 48.6673	 12.8001
    6.831	 48.6759	 12.9633
    6.923	 48.6846	 13.1283
    7.017	 48.6936	 13.2951
    7.112	 48.7028	 13.4637
    7.209	 48.7122	 13.6342
    7.307	 48.7219	 13.8064
    7.406	 48.7318	 13.9806
    7.506	 48.7419	 14.1566
    7.608	 48.7523	 14.3345
    7.711	 48.7630	 14.5142
    7.816	 48.7739	 14.6959
    7.922	 48.7851	 14.8794
    8.030	 48.7966	 15.0649
    8.138	 48.8084	 15.2522
    8.249	 48.8205	 15.4413
    8.361	 48.8328	 15.6324
    8.474	 48.8455	 15.8253
    8.589	 48.8585	 16.0201
    8.706	 48.8718	 16.2168
    8.824	 48.8854	 16.4154
    8.944	 48.8993	 16.6160
    9.065	 48.9136	 16.8184
    9.188	 48.9282	 17.0228
    9.313	 48.9432	 17.2291
    9.439	 48.9585	 17.4373
    9.567	 48.9742	 17.6474
    9.697	 48.9902	 17.8594
    9.828	 49.0066	 18.0733
    9.962	 49.0234	 18.2890
   10.097	 49.0406	 18.5066
   10.234	 49.0581	 18.7261
   10.373	 49.0761	 18.9474
   10.513	 49.0945	 19.1706
   10.656	 49.1133	 19.3955
   10.801	 49.1325	 19.6223
   10.947	 49.1523	 19.8509
   11.096	 49.1724	 20.0812
   11.246	 49.1931	 20.3132
   11.399	 49.2141	 20.5469
   11.554	 49.2357	 20.7823
   11.710	 49.2577	 21.0195
   11.869	 49.2803	 21.2582
   12.030	 49.3033	 21.4986
   12.193	 49.3268	 21.7407
   12.359	 49.3508	 21.9842
   12.527	 49.3754	 22.2293
   12.697	 49.4004	 22.4759
   12.869	 49.4260	 22.7240
   13.043	 49.4521	 22.9735
   13.220	 49.4788	 23.2244
   13.400	 49.5060	 23.4767
   13.582	 49.5338	 23.7303
   13.766	 49.5622	 23.9852
   13.953	 49.5911	 24.2413
   14.142	 49.6206	 24.4986
   14.334	 49.6508	 24.7571
   14.528	 49.6815	 25.0167
   14.725	 49.7129	 25.2774
   14.925	 49.7449	 25.5392
   15.128	 49.7775	 25.8020
   15.333	 49.8108	 26.0657
   15.541	 49.8447	 26.3303
   15.752	 49.8792	 26.5958
   15.966	 49.9145	 26.8620
   16.182	 49.9504	 27.1290
   16.402	 49.9870	 27.3966
   16.624	 50.0242	 27.6648
   16.850	 50.0622	 27.9335
   17.078	 50.1008	 28.2027
   17.310	 50.1401	 28.4721
   17.545	 50.1801	 28.7418
   17.783	 50.2208	 29.0117
   18.024	 50.2623	 29.2818
   18.269	 50.3045	 29.5518
   18.517	 50.3473	 29.8220
   18.768	 50.3910	 30.0921
   19.023	 50.4354	 30.3621
   19.281	 50.4806	 30.6320
   19.542	 50.5265	 30.9017
   19.807	 50.5732	 31.1710
   20.076	 50.6207	 31.4398
   20.349	 50.6689	 31.7080
   20.625	 50.7178	 31.9756
   20.904	 50.7675	 32.2424
   21.188	 50.8180	 32.5083
   21.476	 50.8692	 32.7733
   21.767	 50.9212	 33.0373
   22.062	 50.9740	 33.3003
   22.362	 51.0275	 33.5620
   22.665	 51.0819	 33.8227
   22.972	 51.1370	 34.0820
   23.284	 51.1930	 34.3400
   23.600	 51.2497	 34.5965
   23.920	 51.3073	 34.8515
   24.245	 51.3656	 35.1049
   24.574	 51.4246	 35.3565
   24.907	 51.4845	 35.6062
   25.245	 51.5451	 35.8539
   25.588	 51.6066	 36.0994
   25.935	 51.6688	 36.3426
   26.287	 51.7318	 36.5834
   26.643	 51.7957	 36.8219
   27.005	 51.8603	 37.0580
   27.371	 51.9256	 37.2917
   27.743	 51.9917	 37.5228
   28.119	 52.0586	 37.7514
   28.501	 52.1263	 37.9772
   28.887	 52.1947	 38.2001
   29.279	 52.2639	 38.4200
   29.676	 52.3339	 38.6367
   30.079	 52.4046	 38.8501
   30.487	 52.4761	 39.0603
   30.901	 52.5482	 39.2673
   31.320	 52.6212	 39.4708
   31.745	 52.6949	 39.6709
   32.176	 52.7693	 39.8675
   32.612	 52.8445	 40.0602
   33.055	 52.9203	 40.2491
   33.503	 52.9969	 40.4342
   33.958	 53.0742	 40.6154
   34.418	 53.1522	 40.7927
   34.885	 53.2309	 40.9659
   35.359	 53.3103	 41.1350
   35.838	 53.3903	 41.2997
   36.325	 53.4711	 41.4600
   36.818	 53.5525	 41.6159
   37.317	 53.6346	 41.7673
   37.823	 53.7173	 41.9142
   38.337	 53.8007	 42.0565
   38.857	 53.8847	 42.1942
   39.384	 53.9693	 42.3272
   39.918	 54.0546	 42.4554
   40.460	 54.1405	 42.5786
   41.009	 54.2270	 42.6969
   41.565	 54.3141	 42.8102
   42.129	 54.4018	 42.9183
   42.701	 54.4900	 43.0212
   43.280	 54.5789	 43.1189
   43.867	 54.6683	 43.2114
   44.463	 54.7583	 43.2986
   45.066	 54.8488	 43.3804
   45.677	 54.9399	 43.4569
   46.297	 55.0315	 43.5279
   46.925	 55.1236	 43.5933
   47.562	 55.2163	 43.6531
   48.207	 55.3096	 43.7071
   48.861	 55.4033	 43.7554
   49.524	 55.4974	 43.7980
   50.196	 55.5921	 43.8349
   50.877	 55.6872	 43.8660
   51.567	 55.7829	 43.8912
   52.267	 55.8790	 43.9104
   52.976	 55.9755	 43.9237
   53.695	 56.0725	 43.9309
   54.423	 56.1699	 43.9321
   55.162	 56.2678	 43.9272
   55.910	 56.3661	 43.9162
   56.669	 56.4648	 43.8991
   57.438	 56.5639	 43.8759
   58.217	 56.6634	 43.8464
   59.007	 56.7633	 43.8107
   59.807	 56.8636	 43.7687
   60.619	 56.9643	 43.7205
   61.441	 57.0654	 43.6659
   62.275	 57.1668	 43.6051
   63.120	 57.2686	 43.5379
   63.976	 57.3707	 43.4642
   64.844	 57.4732	 43.3842
   65.724	 57.5759	 43.2976
   66.616	 57.6791	 43.2045
   67.520	 57.7826	 43.1050
   68.436	 57.8864	 42.9990
   69.364	 57.9905	 42.8865
   70.305	 58.0949	 42.7676
   71.259	 58.1996	 42.6421
   72.226	 58.3045	 42.5100
   73.206	 58.4098	 42.3715
   74.199	 58.5154	 42.2263
   75.206	 58.6213	 42.0746
   76.226	 58.7274	 41.9163
   77.261	 58.8338	 41.7515
   78.309	 58.9404	 41.5801
   79.371	 59.0473	 41.4021
   80.448	 59.1545	 41.2176
   81.540	 59.2619	 41.0265
   82.646	 59.3695	 40.8289
   83.767	 59.4775	 40.6248
   84.904	 59.5856	 40.4141
   86.056	 59.6940	 40.1968
   87.223	 59.8026	 39.9731
   88.407	 59.9114	 39.7429
   89.606	 60.0205	 39.5063
   90.822	 60.1298	 39.2634
   92.054	 60.2393	 39.0140
   93.303	 60.3490	 38.7583
   94.569	 60.4590	 38.4961
   95.852	 60.5691	 38.2276
   97.153	 60.6795	 37.9529
   98.471	 60.7901	 37.6719
   99.807	 60.9009	 37.3846
  101.161	 61.0119	 37.0913
  102.534	 61.1231	 36.7919
  103.925	 61.2345	 36.4864
  105.335	 61.3462	 36.1750
  106.764	 61.4581	 35.8577
  108.213	 61.5701	 35.5344
  109.681	 61.6824	 35.2054
  111.169	 61.7950	 34.8705
  112.677	 61.9078	 34.5301
  114.206	 62.0208	 34.1840
  115.755	 62.1340	 33.8323
  117.326	 62.2474	 33.4753
  118.918	 62.3612	 33.1129
  120.531	 62.4752	 32.7452
  122.167	 62.5894	 32.3724
  123.824	 62.7040	 31.9945
  125.504	 62.8188	 31.6116
  127.207	 62.9338	 31.2240
  128.933	 63.0492	 30.8316
  130.682	 63.1650	 30.4346
  132.455	 63.2810	 30.0330
  134.252	 63.3974	 29.6271
  136.074	 63.5142	 29.2168
  137.920	 63.6313	 28.8025
  139.791	 63.7489	 28.3841
  141.688	 63.8668	 27.9618
  143.610	 63.9852	 27.5358
  145.559	 64.1041	 27.1062
  147.534	 64.2234	 26.6730
  149.536	 64.3433	 26.2366
  151.564	 64.4637	 25.7969
  153.621	 64.5847	 25.3543
  155.705	 64.7064	 24.9085
  157.818	 64.8286	 24.4600
  159.959	 64.9515	 24.0088
  162.129	 65.0752	 23.5551
  164.329	 65.1996	 23.0988
  166.558	 65.3248	 22.6403
  168.818	 65.4509	 22.1796
  171.109	 65.5778	 21.7167
  173.430	 65.7057	 21.2519
  175.783	 65.8346	 20.7850
  178.168	 65.9646	 20.3161
  180.586	 66.0957	 19.8455
  183.036	 66.2280	 19.3730
  185.519	 66.3615	 18.8987
  188.036	 66.4963	 18.4226
  190.588	 66.6325	 17.9446
  193.173	 66.7699	 17.4870
  195.794	 66.9007	 17.0273
  198.451	 67.0261	 16.5665
  201.143	 67.1604	 16.0821
  203.872	 67.3116	 15.5991
  206.638	 67.4703	 15.0962
  209.442	 67.6209	 14.5970
  212.284	 67.7633	 14.0780
  215.164	 67.9146	 13.5860
  218.083	 68.0735	 13.0965
  221.042	 68.2245	 12.5863
  224.041	 68.3765	 12.0549
  227.081	 68.5450	 11.5484
  230.162	 68.7134	 11.0199
  233.285	 68.8748	 10.4689
  236.450	 69.0443	 9.9410
  239.658	 69.2138	 9.3895
  242.910	 69.3851	 8.8369
  246.205	 69.5637	 8.2590
  249.546	 69.7439	 7.7020
  252.931	 69.9233	 7.0949
  256.363	 70.1043	 6.5069
  259.841	 70.2933	 5.8910
  263.367	 70.4827	 5.2686
  266.940	 70.6729	 4.6165
  270.562	 70.8706	 3.9815
  274.233	 71.0601	 3.3139
  277.954	 71.2504	 2.6127
  281.725	 71.4573	 1.9010
  285.547	 71.6725	 1.1537
  289.421	 71.8871	 0.3965
  293.348	 72.0919	 -0.3726
  297.328	 72.2884	 -1.1540
  301.362	 72.4921	 -1.9480
  305.451	 72.7033	 -2.7833
  309.595	 72.9222	 -3.6589
  313.796	 73.1470	 -4.5778
  318.053	 73.3708	 -5.5106
  322.369	 73.5917	 -6.4569
  326.743	 73.8028	 -7.4500
  331.176	 74.0207	 -8.4562
  335.669	 74.2497	 -9.4773
  340.223	 74.4690	 -10.5428
  344.839	 74.6852	 -11.6530
  349.518	 74.9054	 -12.7454
  354.260	 75.1223	 -13.9145
  359.067	 75.3426	 -15.0617
  363.938	 75.5576	 -16.2527
  368.876	 75.7631	 -17.4867
  373.881	 75.9771	 -18.7287
  378.954	 76.1924	 -19.9782
  384.095	 76.3971	 -21.3002
  389.307	 76.6025	 -22.6264
  394.589	 76.8085	 -23.9547
  399.942	 77.0089	 -25.3171
  405.369	 77.2034	 -26.6777
  410.869	 77.3922	 -28.0677
  416.443	 77.5810	 -29.4845
  422.093	 77.7738	 -30.8923
  427.820	 77.9598	 -32.2891
  433.625	 78.1303	 -33.7363
  439.508	 78.2998	 -35.1338
  445.471	 78.4721	 -36.5413
  451.515	 78.6391	 -37.9280
  457.641	 78.7999	 -39.3504
  463.850	 78.9561	 -40.7401
  470.144	 79.1148	 -42.1293
  476.523	 79.2725	 -43.4806
  482.988	 79.4226	 -44.8520
  489.541	 79.5723	 -46.1806
  496.183	 79.7227	 -47.4655
  502.915	 79.8707	 -48.7341
  509.738	 80.0171	 -49.9581
  516.654	 80.1631	 -51.1814
  523.664	 80.3167	 -52.3616
  530.769	 80.4776	 -53.5012
  537.971	 80.6338	 -54.6430
  545.270	 80.7938	 -55.7702
  552.668	 80.9678	 -56.8446
  560.166	 81.1467	 -57.9350
  567.766	 81.3311	 -59.0288
  575.470	 81.5246	 -60.1132
  583.277	 81.7243	 -61.2172
  591.191	 81.9339	 -62.3502
  599.212	 82.1527	 -63.5024
  607.342	 82.3763	 -64.7015
  615.583	 82.6039	 -65.9814
  623.935	 82.8439	 -67.3052
  632.400	 83.0929	 -68.6777
  640.980	 83.3330	 -70.1531
  649.677	 83.5722	 -71.7364
  658.492	 83.8251	 -73.3590
  667.426	 84.0760	 -75.0635
  676.481	 84.3114	 -76.8767
  685.660	 84.5379	 -78.7454
  694.962	 84.7620	 -80.6912
  704.391	 84.9814	 -82.7025
  713.948	 85.1902	 -84.7708
  723.635	 85.3815	 -86.9162
  733.453	 85.5603	 -89.0672
  743.405	 85.7288	 -91.2390
  753.491	 85.8815	 -93.4177
  763.714	 86.0202	 -95.5899
  774.076	 86.1442	 -97.7084
  784.578	 86.2544	 -99.8175
  795.223	 86.3556	 -101.8686
  806.013	 86.4490	 -103.8554
  816.948	 86.5355	 -105.7687
  828.033	 86.6158	 -107.6154
  839.267	 86.6953	 -109.3553
  850.654	 86.7784	 -111.0043
  862.196	 86.8667	 -112.5926
  873.894	 86.9658	 -114.1320
  885.750	 87.0786	 -115.6013
  897.768	 87.2042	 -117.0611
  909.949	 87.3431	 -118.5165
  922.295	 87.4971	 -119.9774
  934.808	 87.6642	 -121.5025
  947.491	 87.8427	 -123.0948
  960.347	 88.0312	 -124.7882
  973.376	 88.2240	 -126.5756
  986.583	 88.4171	 -128.4758
  999.969	 88.6068	 -130.4495
 1013.536	 88.7880	 -132.5037
 1027.287	 88.9588	 -134.6487
 1041.225	 89.1218	 -136.8461
 1055.352	 89.2776	 -139.1002
 1069.671	 89.4232	 -141.3959
 1084.184	 89.5592	 -143.7213
 1098.894	 89.6876	 -146.0261
 1113.803	 89.8089	 -148.3299
 1128.915	 89.9249	 -150.6563
 1144.232	 90.0391	 -153.0135
 1159.757	 90.1534	 -155.3916
 1175.492	 90.2634	 -157.8222
 1191.441	 90.3643	 -160.3123
 1207.606	 90.4551	 -162.8648
 1223.990	 90.5332	 -165.4289
 1240.597	 90.5938	 -168.0489
 1257.429	 90.6322	 -170.6544
 1274.490	 90.6473	 -173.2276
 1291.782	 90.6401	 -175.6827
 1309.308	 90.6138	 -178.0494
 1327.073	 90.5743	 179.7781
 1345.078	 90.5312	 177.7724
 1363.328	 90.4970	 175.9491
 1381.825	 90.4831	 174.2752
 1400.573	 90.4986	 172.7099
 1419.576	 90.5488	 171.1593
 1438.836	 90.6302	 169.5453
 1458.358	 90.7340	 167.8024
 1478.145	 90.8483	 165.8978
 1498.200	 90.9573	 163.8350
 1518.527	 91.0474	 161.6635
 1539.130	 91.1124	 159.4558
 1560.012	 91.1535	 157.3005
 1581.178	 91.1814	 155.2581
 1602.631	 91.2146	 153.3806
 1624.375	 91.2747	 151.5986
 1646.415	 91.3819	 149.8509
 1668.753	 91.5446	 147.9792
 1691.394	 91.7533	 145.8387
 1714.342	 91.9844	 143.2557
 1737.602	 92.2067	 140.2154
 1761.177	 92.3843	 136.7188
 1785.073	 92.4843	 132.8992
 1809.292	 92.4867	 128.9085
 1833.840	 92.3839	 125.0483
 1858.721	 92.1836	 121.5267
 1883.940	 91.9150	 118.5630
 1909.500	 91.6234	 116.2422
 1935.408	 91.3636	 114.5597
 1961.667	 91.1879	 113.2971
 1988.283	 91.1231	 112.1860
 2015.259	 91.1549	 110.9507
 2042.602	 91.2366	 109.4077
 2070.315	 91.3160	 107.5066
 2098.405	 91.3549	 105.3699
 2126.875	 91.3413	 103.1726
 2155.732	 91.2892	 101.0932
 2184.980	 91.2309	 99.2239
 2214.626	 91.2047	 97.5518
 2244.673	 91.2360	 95.9116
 2275.128	 91.3264	 94.1554
 2305.997	 91.4537	 92.1207
 2337.284	 91.5801	 89.7325
 2368.996	 91.6694	 87.0244
 2401.137	 91.6959	 84.1419
 2433.715	 91.6460	 81.3069
 2466.735	 91.5262	 78.7568
 2500.203	 91.3675	 76.6758
 2534.125	 91.2241	 75.0991
 2568.508	 91.1631	 73.8874
 2603.357	 91.2335	 72.7013
 2638.678	 91.4289	 71.1975
 2674.479	 91.6830	 69.1255
 2710.766	 91.9045	 66.4583
 2747.545	 92.0276	 63.3978
 2784.823	 92.0389	 60.2875
 2822.607	 91.9785	 57.3981
 2860.903	 91.9187	 54.8197
 2899.719	 91.9198	 52.4248
 2939.062	 91.9895	 50.0495
 2978.938	 92.0841	 47.5330
 3019.356	 92.1549	 44.8631
 3060.322	 92.1905	 42.0844
 3101.843	 92.2175	 39.2450
 3143.928	 92.2657	 36.3179
 3186.584	 92.3323	 33.3096
 3229.819	 92.3799	 30.1845
 3273.640	 92.3745	 27.0374
 3318.056	 92.3198	 23.9829
 3363.075	 92.2555	 21.0996
 3408.704	 92.2234	 18.3602
 3454.952	 92.2361	 15.7084
 3501.828	 92.2780	 13.0335
 3549.340	 92.3326	 10.2630
 3597.497	 92.4016	 7.3321
 3646.307	 92.4966	 4.1738
 3695.779	 92.6180	 0.7089
 3745.922	 92.7395	 -3.1291
 3796.746	 92.8135	 -7.2918
 3848.259	 92.7970	 -11.5732
 3900.471	 92.6857	 -15.7559
 3953.392	 92.5316	 -19.7878
 4007.031	 92.4038	 -23.6730
 4061.397	 92.3124	 -27.4207
 4116.501	 92.2031	 -31.0448
 4172.353	 92.0477	 -34.6691
 4228.962	 91.8951	 -38.3866
 4286.339	 91.7871	 -42.2074
 4344.495	 91.6611	 -45.9308
 4403.440	 91.4280	 -49.4869
 4463.185	 91.1110	 -52.8594
 4523.740	 90.8135	 -55.8848
 4585.117	 90.5647	 -58.2593
 4647.327	 90.3266	 -60.1219
 4710.380	 90.1444	 -61.8080
 4774.290	 90.1048	 -63.3747
 4839.066	 90.1889	 -64.8440
 4904.721	 90.3570	 -66.7211
 4971.267	 90.6341	 -69.3374
 5038.716	 90.9787	 -72.5892
 5107.080	 91.2847	 -76.5271
 5176.372	 91.5326	 -81.4061
 5246.604	 91.7380	 -86.9739
 5317.788	 91.8264	 -92.7752
 5389.938	 91.7133	 -98.4529
 5463.067	 91.4174	 -103.5604
 5537.189	 91.0654	 -107.8648
 5612.316	 90.8324	 -111.5535
 5688.462	 90.7819	 -114.7773
 5765.642	 90.8186	 -118.0187
 5843.869	 90.8978	 -121.8638
 5923.157	 90.9831	 -125.8171
 6003.521	 90.9581	 -129.4836
 6084.975	 90.9083	 -133.4073
 6167.535	 91.0400	 -137.3282
 6251.214	 91.2687	 -140.9817
 6336.029	 91.4997	 -145.2118
 6421.995	 91.8032	 -150.2567
 6509.126	 92.1153	 -155.5781
 6597.440	 92.3359	 -161.2485
 6686.953	 92.5098	 -167.5550
 6777.680	 92.7126	 -174.4068
 6869.638	 92.8687	 178.6328
 6962.843	 92.7971	 172.0789
 7057.313	 92.4730	 166.5792
 7153.065	 92.1460	 161.8846
 7250.116	 92.2452	 157.2649
 7348.483	 92.8113	 152.0861
 7448.186	 93.3592	 145.8330
 7549.241	 93.5441	 138.7509
 7651.667	 93.3457	 131.6330
 7755.483	 93.0572	 125.2109
 7860.707	 93.0630	 119.2573
 7967.359	 93.3669	 113.4458
 8075.458	 93.6780	 107.0928
 8185.024	 93.7918	 100.1543
 8296.076	 93.6989	 93.4339
 8408.635	 93.5546	 87.1867
 8522.722	 93.6072	 81.1915
 8638.355	 93.9763	 74.6144
 8755.559	 94.4352	 67.3364
 8874.352	 94.6624	 59.4463
 8994.757	 94.5570	 51.4747
 9116.795	 94.3516	 43.6567
 9240.489	 94.3690	 35.9510
 9365.862	 94.6328	 28.0125
 9492.936	 94.8410	 19.6411
 9621.733	 94.7189	 11.3953
 9752.278	 94.3130	 3.6019
 9884.595	 94.0311	 -4.1369
10018.706	 94.2036	 -11.9798
10154.638	 94.4858	 -19.6788
10292.413	 94.4050	 -27.2796
10432.058	 94.0800	 -35.4991
10573.598	 94.0276	 -44.0633
10717.057	 94.3444	 -52.5576
10862.463	 94.5756	 -61.2133
11009.843	 94.4975	 -70.6746
11159.221	 94.3241	 -80.4477
11310.627	 94.2878	 -90.2505
11464.086	 94.3898	 -100.2208
11619.628	 94.4498	 -110.2440
11777.280	 94.2603	 -119.8420
11937.071	 93.9190	 -129.3331
12099.030	 93.8976	 -139.2862
12263.187	 94.2516	 -149.2470
12429.570	 94.4176	 -158.7368
12598.212	 94.2364	 -168.8695
12769.141	 94.2071	 179.9408
12942.390	 94.4956	 169.3010
13117.988	 94.6133	 159.6273
13295.970	 94.4845	 149.3648
13476.366	 94.5741	 138.4100
13659.210	 94.9413	 127.9378
13844.534	 95.1869	 117.8982
14032.373	 95.2679	 107.0574
14222.761	 95.5188	 95.2270
14415.731	 95.9520	 83.6013
14611.320	 96.1684	 72.5866
14809.563	 96.2024	 60.4967
15010.496	 96.5331	 47.4198
15214.154	 96.9748	 35.2833
15420.576	 97.1186	 22.7509
15629.798	 97.3067	 8.3806
15841.859	 97.7267	 -5.9276
16056.798	 97.9816	 -19.6370
16274.652	 98.1572	 -35.0890
16495.463	 98.6364	 -51.7945
16719.268	 99.1241	 -67.7582
16946.111	 99.3541	 -85.0414
17176.031	 99.7889	 -104.4573
17409.072	 100.3818	 -123.2761
17645.273	 100.6860	 -142.6718
17884.680	 101.1010	 -164.4646
18127.334	 101.6764	 173.8832
18373.281	 101.9546	 151.7973
18622.564	 102.1777	 127.2180
18875.230	 102.3404	 103.1226
19131.326	 102.0177	 78.7525
19390.895	 101.4255	 53.4464
19653.984	 100.6946	 29.6055
19920.645	 99.5735	 5.2391
20190.924	 98.3395	 -18.9028
20464.869	 96.9723	 -43.8761
20742.531	 95.2025	 -74.2085
21023.961	 93.5553	 -121.0687
21309.207	 91.3652	 139.6076
21598.326	 88.3539	 46.6946
21891.365	 87.5200	 177.3771
