    1.426	 61.5272	 56.1741
    1.445	 61.5577	 56.1805
    1.464	 61.5884	 56.1870
    1.484	 61.6193	 56.1936
    1.504	 61.6505	 56.2002
    1.524	 61.6827	 56.2069
    1.545	 61.7171	 53.7131
    1.565	 61.7553	 51.1814
    1.586	 61.7984	 48.6111
    1.608	 61.8464	 44.2659
    1.629	 61.9070	 42.8905
    1.651	 61.9673	 40.2037
    1.673	 62.0274	 37.4858
    1.696	 62.0873	 34.7361
    1.719	 62.1470	 31.9544
    1.742	 62.2064	 29.1401
    1.765	 62.2656	 26.2928
    1.789	 62.3246	 23.4120
    1.813	 62.3834	 20.4970
    1.837	 62.4420	 17.5475
    1.862	 62.5004	 14.5629
    1.887	 62.5587	 11.5425
    1.912	 62.6168	 8.4859
    1.938	 62.6748	 5.3923
    1.964	 62.7327	 2.2613
    1.990	 62.7905	 -0.9079
    2.017	 62.8483	 -4.1159
    2.044	 62.9061	 -7.3635
    2.071	 62.9639	 -10.6513
    2.099	 63.0218	 -13.9801
    2.127	 63.0798	 -17.3506
    2.156	 63.1380	 -20.7637
    2.185	 63.1964	 -24.2202
    2.214	 63.2551	 -27.7209
    2.244	 63.3141	 -31.2668
    2.274	 63.3735	 -34.8588
    2.304	 63.4334	 -38.4978
    2.335	 63.4939	 -42.1848
    2.367	 63.5551	 -45.9210
    2.399	 63.6170	 -49.7073
    2.431	 63.6797	 -53.5438
    2.463	 63.7430	 -57.4303
    2.496	 63.8069	 -61.3666
    2.530	 63.8711	 -65.3525
    2.564	 63.9353	 -69.3875
    2.598	 63.9993	 -73.4715
    2.633	 64.0629	 -77.6038
    2.669	 64.1257	 -81.7841
    2.704	 64.1874	 -86.0117
    2.741	 64.2478	 -90.2862
    2.778	 64.3064	 -94.6068
    2.815	 64.3629	 -98.9728
    2.853	 64.4171	 -103.3834
    2.891	 64.4684	 -107.8377
    2.930	 64.5166	 -112.3348
    2.969	 64.5613	 -116.8736
    3.009	 64.6021	 -121.4530
    3.049	 64.6387	 -126.0717
    3.090	 64.6709	 -130.7285
    3.132	 64.6983	 -135.4231
    3.174	 64.7210	 -140.1552
    3.216	 64.7385	 -144.9247
    3.260	 64.7508	 -149.7314
    3.303	 64.7576	 -154.5750
    3.348	 64.7587	 -159.4552
    3.393	 64.7539	 -164.3719
    3.438	 64.7430	 -169.3247
    3.484	 64.7258	 -174.3133
    3.531	 64.7020	 -179.3373
    3.579	 64.6713	 175.6035
    3.627	 64.6291	 170.6278
    3.675	 64.5713	 165.7466
    3.725	 64.4937	 160.9653
    3.775	 64.3922	 156.2895
    3.825	 64.2637	 151.7252
    3.877	 64.1059	 147.2782
    3.929	 63.9173	 142.9549
    3.981	 63.6965	 138.7616
    4.035	 63.4425	 134.7049
    4.089	 63.1540	 130.7918
    4.144	 62.8292	 127.0294
    4.200	 62.4659	 123.4248
    4.256	 62.0605	 119.9858
    4.313	 61.6086	 116.7201
    4.371	 61.1042	 113.6359
    4.430	 60.5408	 110.7413
    4.489	 59.9122	 108.0450
    4.549	 59.2134	 105.5560
    4.610	 58.4407	 103.2833
    4.672	 57.6051	 101.1185
    4.735	 56.7120	 99.0606
    4.799	 55.7679	 97.1095
    4.863	 54.7822	 95.2664
    4.928	 53.7672	 93.5422
    4.995	 52.7399	 91.9464
    5.062	 51.7231	 90.4861
    5.130	 50.7472	 89.1671
    5.198	 49.8516	 87.9928
    5.268	 49.0839	 86.9643
    5.339	 48.4949	 86.0805
    5.411	 48.1284	 85.3372
    5.483	 48.0074	 84.7275
    5.557	 48.1258	 84.2417
    5.631	 48.4499	 83.8662
    5.707	 48.9299	 83.5843
    5.784	 49.5125	 83.3750
    5.861	 50.1493	 83.2136
    5.940	 50.7998	 83.0707
    6.020	 51.4306	 82.9145
    6.101	 52.0252	 82.7170
    6.182	 52.5767	 82.4566
    6.265	 53.0837	 82.1129
    6.350	 53.5496	 81.6579
    6.435	 53.9782	 81.0681
    6.521	 54.3730	 80.3244
    6.609	 54.7371	 79.4130
    6.698	 55.0728	 78.3253
    6.787	 55.3819	 77.0589
    6.879	 55.6659	 75.6177
    6.971	 55.9264	 74.0127
    7.064	 56.1653	 72.2623
    7.159	 56.3847	 70.3931
    7.255	 56.5872	 68.4588
    7.353	 56.7764	 66.4773
    7.452	 56.9569	 64.4681
    7.552	 57.1335	 62.4532
    7.653	 57.3109	 60.4574
    7.756	 57.4932	 58.5058
    7.860	 57.6818	 56.6181
    7.965	 57.8771	 54.8102
    8.072	 58.0792	 53.0935
    8.181	 58.2876	 51.4749
    8.291	 58.5017	 49.9562
    8.402	 58.7198	 48.5372
    8.515	 58.9391	 47.2186
    8.629	 59.1569	 45.9949
    8.745	 59.3706	 44.8576
    8.862	 59.5779	 43.7952
    8.981	 59.7774	 42.7932
    9.102	 59.9683	 41.8336
    9.224	 60.1509	 40.8947
    9.348	 60.3261	 39.9328
    9.473	 60.4956	 38.9446
    9.600	 60.6623	 37.9297
    9.729	 60.8303	 36.8853
    9.860	 61.0038	 35.8111
    9.992	 61.1870	 34.7085
   10.126	 61.3834	 33.5809
   10.262	 61.5960	 32.4335
   10.400	 61.8264	 31.2736
   10.540	 62.0748	 30.1110
   10.681	 62.3396	 28.9576
   10.825	 62.6165	 27.8245
   10.970	 62.9020	 26.7301
   11.117	 63.1931	 25.6947
   11.267	 63.4868	 24.7319
   11.418	 63.7811	 23.8483
   11.571	 64.0739	 23.0426
   11.726	 64.3634	 22.3054
   11.884	 64.6477	 21.6180
   12.043	 64.9251	 20.9374
   12.205	 65.1943	 20.2076
   12.369	 65.4536	 19.3896
   12.535	 65.7019	 18.4632
   12.703	 65.9384	 17.4237
   12.874	 66.1625	 16.2843
   13.047	 66.3744	 15.0779
   13.222	 66.5744	 13.8907
   13.399	 66.7628	 12.7874
   13.579	 66.9400	 11.7855
   13.762	 67.1066	 10.8918
   13.946	 67.2638	 10.1010
   14.134	 67.4128	 9.3838
   14.323	 67.5553	 8.6983
   14.516	 67.6963	 8.0307
   14.710	 67.8390	 7.3682
   14.908	 67.9869	 6.7038
   15.108	 68.1427	 6.0370
   15.311	 68.3090	 5.3742
   15.516	 68.4876	 4.7442
   15.725	 68.6798	 4.1710
   15.936	 68.8878	 3.6631
   16.150	 69.1136	 3.2263
   16.367	 69.3583	 2.8638
   16.586	 69.6221	 2.5758
   16.809	 69.9001	 2.3609
   17.035	 70.1858	 2.1615
   17.263	 70.4751	 1.9251
   17.495	 70.7642	 1.6330
   17.730	 71.0508	 1.2639
   17.968	 71.3331	 0.7944
   18.209	 71.6102	 0.2147
   18.454	 71.8813	 -0.4626
   18.702	 72.1457	 -1.2359
   18.953	 72.4037	 -2.0860
   19.207	 72.6561	 -2.9811
   19.465	 72.9047	 -3.8872
   19.726	 73.1508	 -4.7802
   19.991	 73.3955	 -5.6505
   20.259	 73.6388	 -6.4893
   20.531	 73.8799	 -7.3099
   20.807	 74.1182	 -8.1194
   21.086	 74.3534	 -8.9244
   21.369	 74.5853	 -9.7319
   21.656	 74.8130	 -10.5612
   21.947	 75.0342	 -11.4366
   22.242	 75.2464	 -12.3633
   22.540	 75.4490	 -13.3339
   22.843	 75.6437	 -14.3106
   23.150	 75.8324	 -15.2503
   23.460	 76.0170	 -16.1278
   23.775	 76.1992	 -16.9300
   24.095	 76.3797	 -17.6547
   24.418	 76.5590	 -18.3128
   24.746	 76.7375	 -18.9276
   25.078	 76.9147	 -19.5258
   25.415	 77.0906	 -20.1651
   25.756	 77.2654	 -20.8675
   26.102	 77.4399	 -21.6063
   26.452	 77.6147	 -22.2974
   26.807	 77.7902	 -22.8766
   27.167	 77.9671	 -23.3333
   27.532	 78.1477	 -23.7122
   27.902	 78.3384	 -24.0717
   28.276	 78.5438	 -24.4284
   28.656	 78.7639	 -24.7796
   29.040	 78.9918	 -25.1174
   29.430	 79.2221	 -25.4630
   29.825	 79.4517	 -25.8405
   30.226	 79.6810	 -26.2595
   30.632	 79.9106	 -26.7212
   31.043	 80.1410	 -27.2269
   31.460	 80.3727	 -27.7777
   31.882	 80.6057	 -28.3742
   32.310	 80.8398	 -29.0096
   32.744	 81.0743	 -29.6278
   33.183	 81.3090	 -30.2044
   33.629	 81.5435	 -30.7517
   34.080	 81.7775	 -31.3174
   34.538	 82.0102	 -31.9477
   35.002	 82.2409	 -32.6506
   35.472	 82.4687	 -33.3927
   35.948	 82.6929	 -34.1299
   36.430	 82.9142	 -34.8531
   36.919	 83.1342	 -35.5745
   37.415	 83.3548	 -36.3106
   37.917	 83.5754	 -37.0655
   38.426	 83.7950	 -37.8330
   38.942	 84.0130	 -38.6036
   39.465	 84.2295	 -39.3766
   39.995	 84.4461	 -40.1544
   40.532	 84.6636	 -40.9366
   41.076	 84.8793	 -41.7224
   41.627	 85.0913	 -42.5172
   42.186	 85.3028	 -43.3227
   42.753	 85.5168	 -44.1328
   43.327	 85.7308	 -44.9587
   43.908	 85.9429	 -45.8093
   44.498	 86.1533	 -46.6684
   45.095	 86.3618	 -47.5262
   45.701	 86.5691	 -48.3840
   46.314	 86.7762	 -49.2450
   46.936	 86.9839	 -50.1143
   47.566	 87.1928	 -50.9989
   48.205	 87.4023	 -51.9083
   48.852	 87.6116	 -52.8460
   49.508	 87.8200	 -53.8138
   50.172	 88.0270	 -54.8141
   50.846	 88.2303	 -55.8634
   51.529	 88.4277	 -56.9349
   52.220	 88.6159	 -57.9806
   52.921	 88.7961	 -58.9989
   53.632	 88.9705	 -59.9889
   54.352	 89.1413	 -60.9629
   55.082	 89.3112	 -61.9386
   55.821	 89.4834	 -62.9257
   56.570	 89.6582	 -63.9066
   57.330	 89.8334	 -64.8950
   58.100	 90.0108	 -65.9003
   58.880	 90.1902	 -66.9298
   59.670	 90.3710	 -67.9993
   60.471	 90.5510	 -69.1214
   61.283	 90.7276	 -70.2868
   62.106	 90.8981	 -71.4727
   62.940	 91.0590	 -72.6163
   63.785	 91.2137	 -73.7044
   64.641	 91.3659	 -74.7408
   65.509	 91.5180	 -75.7373
   66.388	 91.6721	 -76.7194
   67.279	 91.8281	 -77.7366
   68.183	 91.9836	 -78.7903
   69.098	 92.1372	 -79.8781
   70.026	 92.2878	 -81.0024
   70.966	 92.4357	 -82.1532
   71.919	 92.5812	 -83.3066
   72.884	 92.7240	 -84.4715
   73.863	 92.8652	 -85.6570
   74.854	 93.0033	 -86.8572
   75.859	 93.1400	 -88.0641
   76.878	 93.2775	 -89.2680
   77.910	 93.4172	 -90.4706
   78.956	 93.5558	 -91.6821
   80.016	 93.6883	 -92.8609
   81.090	 93.8135	 -94.0425
   82.178	 93.9296	 -95.1974
   83.282	 94.0389	 -96.3575
   84.400	 94.1456	 -97.5001
   85.533	 94.2514	 -98.6796
   86.681	 94.3582	 -99.8884
   87.845	 94.4645	 -101.1138
   89.024	 94.5683	 -102.3665
   90.219	 94.6680	 -103.6362
   91.431	 94.7612	 -104.9125
   92.658	 94.8458	 -106.1749
   93.902	 94.9219	 -107.3857
   95.163	 94.9923	 -108.5216
   96.440	 95.0624	 -109.6143
   97.735	 95.1360	 -110.7080
   99.047	 95.2150	 -111.8111
  100.377	 95.2989	 -112.8997
  101.725	 95.3876	 -113.9320
  103.090	 95.4806	 -114.9720
  104.474	 95.5732	 -116.0759
  105.877	 95.6584	 -117.2816
  107.298	 95.7332	 -118.5187
  108.739	 95.7976	 -119.7369
  110.199	 95.8551	 -120.8824
  111.678	 95.9099	 -121.9771
  113.177	 95.9660	 -123.0590
  114.697	 96.0243	 -124.1265
  116.237	 96.0850	 -125.1658
  117.797	 96.1470	 -126.1799
  119.379	 96.2094	 -127.1868
  120.981	 96.2695	 -128.2339
  122.605	 96.3250	 -129.3431
  124.251	 96.3743	 -130.4907
  125.920	 96.4182	 -131.6060
  127.610	 96.4594	 -132.6603
  129.323	 96.5016	 -133.6651
  131.059	 96.5461	 -134.6782
  132.819	 96.5928	 -135.6987
  134.602	 96.6429	 -136.6957
  136.409	 96.6976	 -137.6826
  138.241	 96.7522	 -138.7014
  140.096	 96.8014	 -139.7192
  141.977	 96.8459	 -140.7219
  143.883	 96.8864	 -141.7194
  145.815	 96.9260	 -142.7022
  147.773	 96.9676	 -143.6908
  149.756	 97.0100	 -144.7063
  151.767	 97.0521	 -145.7304
  153.805	 97.0928	 -146.7633
  155.869	 97.1327	 -147.7945
  157.962	 97.1709	 -148.8283
  160.083	 97.2075	 -149.8402
  162.232	 97.2429	 -150.8698
  164.410	 97.2753	 -151.9262
  166.617	 97.3038	 -153.0276
  168.854	 97.3267	 -154.1149
  171.121	 97.3465	 -155.1620
  173.418	 97.3634	 -156.1969
  175.746	 97.3751	 -157.1276
  178.106	 97.3881	 -157.9387
  180.497	 97.4036	 -158.7539
  182.920	 97.4207	 -159.5984
  185.376	 97.4429	 -160.4817
  187.865	 97.4725	 -161.4210
  190.387	 97.5095	 -162.4059
  192.943	 97.5535	 -163.4730
  195.533	 97.5987	 -164.6355
  198.158	 97.6337	 -165.8271
  200.818	 97.6597	 -166.9181
  203.514	 97.6832	 -167.9679
  206.247	 97.7011	 -169.1543
  209.016	 97.7141	 -170.2634
  211.822	 97.7271	 -171.4140
  214.665	 97.7328	 -172.5144
  217.547	 97.7376	 -173.5424
  220.468	 97.7399	 -174.5775
  223.428	 97.7367	 -175.6476
  226.427	 97.7258	 -176.7790
  229.467	 97.7010	 -177.9807
  232.548	 97.6572	 -179.2877
  235.670	 97.5916	 179.4500
  238.834	 97.5064	 178.3703
  242.040	 97.4098	 177.4844
  245.290	 97.3139	 176.7935
  248.583	 97.2317	 176.1801
  251.920	 97.1660	 175.6189
  255.302	 97.1225	 175.0383
  258.730	 97.0880	 174.2583
  262.203	 97.0450	 173.3570
  265.723	 96.9929	 172.7445
  269.291	 96.9339	 172.3340
  272.906	 96.8705	 172.2780
  276.570	 96.8284	 172.4328
  280.283	 96.8247	 172.4988
  284.046	 96.8720	 172.2764
  287.859	 96.9576	 171.7709
  291.724	 97.0731	 171.0948
  295.640	 97.1966	 170.2813
  299.609	 97.3168	 169.5505
  303.632	 97.4230	 168.6852
  307.708	 97.5015	 167.7354
  311.839	 97.5588	 166.8830
  316.025	 97.6077	 165.9236
  320.268	 97.6552	 164.8315
  324.568	 97.7083	 163.7566
  328.925	 97.7764	 162.7274
  333.341	 97.8619	 161.7364
  337.816	 97.9625	 160.6771
  342.352	 98.0509	 159.2930
  346.948	 98.1100	 157.6217
  351.606	 98.1234	 155.5649
  356.326	 98.0831	 153.4158
  361.110	 97.9940	 151.3272
  365.958	 97.8761	 149.7526
  370.871	 97.7701	 148.6152
  375.850	 97.6852	 147.5092
  380.896	 97.6219	 146.3979
  386.009	 97.5776	 145.1599
  391.192	 97.5277	 143.8985
  396.444	 97.4706	 142.6086
  401.766	 97.3851	 141.1955
  407.160	 97.2784	 139.9126
  412.626	 97.1570	 138.5594
  418.166	 97.0182	 137.2600
  423.780	 96.8731	 136.1752
  429.469	 96.7252	 135.1038
  435.235	 96.5849	 134.2502
  441.078	 96.4821	 133.4016
  446.999	 96.3862	 132.2552
  453.000	 96.2881	 131.5787
  459.082	 96.1826	 130.9518
  465.245	 96.0600	 130.4038
  471.491	 95.9048	 129.7913
  477.821	 95.7286	 129.6608
  484.236	 95.5834	 129.5945
  490.737	 95.4741	 129.1095
  497.325	 95.3919	 128.9635
  504.002	 95.3722	 128.6355
  510.769	 95.3639	 127.9054
  517.626	 95.3486	 126.9947
  524.575	 95.3040	 126.0343
  531.617	 95.2332	 125.4940
  538.755	 95.1670	 125.1619
  545.988	 95.0830	 124.6935
  553.318	 94.9956	 124.0465
  560.746	 94.8981	 123.7928
  568.274	 94.8191	 124.0732
  575.903	 94.7741	 124.5882
  583.635	 94.7633	 125.1028
  591.470	 94.7767	 125.3466
  599.411	 94.7955	 125.0834
  607.458	 94.7958	 124.9152
  615.614	 94.7960	 124.1841
  623.878	 94.7682	 123.2327
  632.254	 94.7537	 122.8750
  640.742	 94.7793	 122.2346
  649.344	 94.8206	 121.7863
  658.062	 94.9112	 121.6325
  666.897	 95.0383	 121.4364
  675.850	 95.1783	 121.1935
  684.923	 95.3298	 120.6581
  694.119	 95.4636	 119.9395
  703.437	 95.5983	 119.1690
  712.881	 95.7231	 118.5908
  722.452	 95.8507	 117.5044
  732.151	 95.9391	 116.0102
  741.980	 96.0121	 114.7599
  751.942	 96.0586	 112.9458
  762.037	 96.0728	 111.5141
  772.267	 96.0911	 110.5979
  782.635	 96.1430	 109.2940
  793.142	 96.1883	 107.6458
  803.790	 96.2514	 106.2815
  814.581	 96.3204	 104.5092
  825.517	 96.3759	 102.9836
  836.600	 96.4433	 101.3485
  847.832	 96.4874	 99.7963
  859.214	 96.5426	 98.2780
  870.749	 96.5796	 96.6942
  882.439	 96.6210	 95.2953
  894.286	 96.6662	 93.7525
  906.292	 96.7075	 92.0738
  918.459	 96.7512	 90.4048
  930.790	 96.7840	 88.7266
  943.286	 96.8161	 87.1677
  955.950	 96.8252	 85.5009
  968.784	 96.8161	 84.0882
  981.790	 96.7963	 82.8016
  994.971	 96.7712	 81.3153
 1008.328	 96.7817	 79.8650
 1021.865	 96.8353	 78.4421
 1035.584	 96.9314	 76.7408
 1049.487	 97.0712	 75.3063
 1063.577	 97.2528	 73.4320
 1077.856	 97.4393	 71.4950
 1092.326	 97.6366	 69.4036
 1106.991	 97.8327	 67.1810
 1121.852	 98.0171	 64.8356
 1136.914	 98.1959	 62.3229
 1152.177	 98.3747	 59.6212
 1167.645	 98.5452	 56.7537
 1183.321	 98.7078	 54.0266
 1199.208	 98.8829	 51.0736
 1215.307	 99.0351	 47.6936
 1231.623	 99.1779	 44.1278
 1248.158	 99.2835	 40.2244
 1264.915	 99.3647	 35.7483
 1281.896	 99.4054	 30.9425
 1299.106	 99.3995	 25.9565
 1316.547	 99.3719	 21.1619
 1334.222	 99.3213	 16.2795
 1352.134	 99.2388	 11.2492
 1370.287	 99.1286	 6.1796
 1388.684	 98.9907	 1.2908
 1407.327	 98.8370	 -3.6646
 1426.221	 98.6467	 -8.6624
 1445.368	 98.4431	 -13.2562
 1464.773	 98.2142	 -18.1234
 1484.438	 97.9619	 -23.2339
 1504.366	 97.6940	 -28.2609
 1524.563	 97.4090	 -34.0923
 1545.031	 97.0692	 -40.3921
 1565.773	 96.7062	 -46.7512
 1586.794	 96.2856	 -53.2142
 1608.097	 95.8334	 -59.9135
 1629.686	 95.3077	 -66.3606
 1651.565	 94.7455	 -69.5731
 1673.738	 94.1595	 -72.5148
 1696.208	 93.5273	 -75.0654
 1718.980	 92.8697	 -76.2907
 1742.058	 92.2258	 -77.6366
 1765.445	 91.5542	 -78.1729
 1789.147	 90.8824	 -79.0225
 1813.167	 90.1396	 -79.5413
 1837.509	 89.3479	 -80.0552
 1862.178	 88.4393	 -81.2584
 1887.178	 87.3023	 -82.0757
 1912.514	 86.0570	 -82.9902
 1938.190	 84.6732	 -84.1735
 1964.211	 83.1567	 -85.6958
 1990.581	 81.8172	 -87.7366
 2017.305	 80.8794	 -92.1891
 2044.388	 80.2664	 -99.5303
 2071.834	 79.9476	 -107.9390
 2099.649	 79.7914	 -116.8540
 2127.837	 79.7220	 -128.8584
 2156.404	 79.6974	 -141.8390
 2185.354	 79.8313	 -156.4036
 2214.693	 79.9265	 -172.6075
 2244.426	 80.0802	 171.2503
 2274.558	 80.1348	 154.7060
 2305.095	 80.2393	 139.3768
 2336.041	 80.4529	 123.1055
 2367.403	 80.6414	 106.8643
 2399.186	 80.9830	 90.7863
 2431.396	 81.3592	 74.3987
 2464.038	 81.7604	 58.4859
 2497.118	 82.2076	 42.8832
 2530.643	 82.6947	 28.2196
 2564.617	 83.2109	 14.6432
 2599.048	 83.7500	 3.3413
 2633.941	 84.2635	 -5.2127
 2669.302	 84.7162	 -12.7337
 2705.138	 85.1152	 -20.0036
 2741.455	 85.4484	 -27.3780
 2778.260	 85.7394	 -34.3538
 2815.559	 85.9660	 -40.4201
 2853.358	 86.1445	 -46.1639
 2891.666	 86.2707	 -51.5748
 2930.487	 86.3483	 -57.1712
 2969.829	 86.3519	 -63.9601
 3009.700	 86.2889	 -69.6059
 3050.106	 86.2020	 -74.6818
 3091.054	 86.0772	 -79.6830
 3132.553	 85.9185	 -84.6632
 3174.608	 85.7154	 -89.3466
 3217.228	 85.4571	 -93.5141
 3260.420	 85.1370	 -97.5523
 3304.192	 84.7505	 -101.3462
 3348.552	 84.2996	 -103.9751
 3393.507	 83.8474	 -106.1563
 3439.065	 83.4221	 -108.2036
 3485.236	 83.0473	 -110.4651
 3532.026	 82.7814	 -112.7175
 3579.444	 82.6151	 -114.8193
 3627.499	 82.5876	 -116.8130
 3676.199	 82.6791	 -118.2008
 3725.553	 82.8783	 -119.7815
 3775.570	 83.1991	 -121.7832
 3826.258	 83.5999	 -123.8511
 3877.626	 84.0699	 -126.5783
 3929.684	 84.5901	 -130.2485
 3982.441	 85.1031	 -134.4030
 4035.906	 85.6025	 -138.9134
 4090.090	 86.0554	 -144.2189
 4145.000	 86.4338	 -150.4913
 4200.648	 86.7254	 -157.2395
 4257.042	 86.9403	 -164.4550
 4314.194	 87.0758	 -172.6332
 4372.114	 87.1405	 178.9540
 4430.811	 87.1571	 170.5113
 4490.295	 87.1361	 162.0070
 4550.579	 87.0775	 153.5138
 4611.671	 86.9891	 145.0451
 4673.584	 86.8628	 136.3261
 4736.328	 86.6764	 126.9884
 4799.915	 86.4056	 117.4265
 4864.354	 86.0397	 108.3547
 4929.660	 85.5891	 99.9575
 4995.842	 85.0341	 92.1954
 5062.912	 84.3652	 85.2573
 5130.883	 83.6221	 78.9011
 5199.767	 82.8152	 73.0171
 5269.575	 81.9772	 67.6630
 5340.320	 81.1480	 62.7617
 5412.015	 80.3456	 57.9900
 5484.673	 79.5476	 53.2138
 5558.306	 78.7622	 48.4308
 5632.928	 77.9470	 43.5013
 5708.551	 77.0773	 38.5974
 5785.190	 76.2136	 33.7265
 5862.857	 75.3815	 28.7869
 5941.568	 74.5839	 23.7815
 6021.335	 73.8957	 18.8334
 6102.173	 73.3432	 13.9650
 6184.096	 72.9361	 9.3943
 6267.119	 72.6142	 4.9228
 6351.257	 72.3121	 0.2958
 6436.524	 71.9836	 -4.2296
 6522.936	 71.6032	 -8.1667
 6610.508	 71.1677	 -11.4047
 6699.256	 70.6841	 -14.6722
 6789.195	 70.1568	 -18.1992
 6880.342	 69.5691	 -22.0229
 6972.712	 68.9242	 -26.0076
 7066.322	 68.2391	 -30.0294
 7161.189	 67.5389	 -34.1199
 7257.331	 66.8074	 -38.2679
 7354.762	 66.0668	 -42.3317
 7453.501	 65.3425	 -46.1162
 7553.566	 64.6770	 -49.4435
 7654.975	 64.1312	 -52.2277
 7757.745	 63.7534	 -54.7149
 7861.895	 63.5652	 -57.1698
 7967.443	 63.5177	 -59.9889
 8074.408	 63.5580	 -63.4247
 8182.809	 63.6256	 -67.6555
 8292.665	 63.6608	 -72.6515
 8403.996	 63.6388	 -78.2044
 8516.822	 63.5475	 -84.7210
 8631.162	 63.3744	 -91.5282
 8747.038	 63.1470	 -97.9444
 8864.469	 62.9079	 -103.9667
 8983.477	 62.7105	 -110.0369
 9104.082	 62.5941	 -116.5929
 9226.307	 62.5293	 -123.8619
 9350.173	 62.4846	 -131.3543
 9475.701	 62.4450	 -138.7435
 9602.915	 62.3841	 -146.5779
 9731.836	 62.2693	 -155.0736
 9862.488	 62.0756	 -163.4609
 9994.895	 61.8244	 -170.8869
10129.079	 61.5327	 -178.4352
10265.064	 61.2307	 173.6510
10402.876	 60.9384	 165.2856
10542.537	 60.6580	 156.6389
10684.073	 60.4028	 148.2086
10827.510	 60.1112	 140.9950
10972.871	 59.7434	 133.6923
11120.185	 59.3055	 127.1740
11269.477	 58.7831	 120.8364
11420.771	 58.1295	 114.3780
11574.099	 57.3404	 107.7949
11729.484	 56.4792	 101.6511
11886.955	 55.7444	 96.2834
12046.541	 55.2688	 90.6357
12208.269	 54.9372	 84.5302
12372.168	 54.7033	 78.5468
12538.267	 54.5946	 72.6012
12706.597	 54.5551	 65.6630
12877.186	 54.4788	 56.9160
13050.065	 54.3452	 47.6127
13225.266	 54.2073	 38.3294
13402.818	 54.1042	 29.8762
13582.755	 54.0738	 22.2542
13765.106	 54.0823	 14.3117
13949.906	 54.0566	 4.5495
14137.188	 53.9982	 -5.4373
14326.982	 53.9096	 -16.6834
14519.326	 53.7656	 -28.9196
14714.252	 53.5638	 -41.7590
14911.795	 53.2943	 -54.8184
15111.989	 52.9776	 -68.0818
15314.871	 52.5990	 -81.2478
15520.478	 52.1677	 -94.7443
15728.844	 51.7016	 -108.2719
15940.008	 51.2177	 -121.4374
16154.006	 50.7437	 -135.5062
16370.878	 50.2845	 -149.9264
16590.660	 49.9210	 -164.3872
16813.395	 49.6778	 -178.5658
17039.119	 49.5504	 167.2244
17267.873	 49.4468	 152.0407
17499.699	 49.2993	 134.8260
17734.637	 49.1025	 100.9121
17972.729	 48.8603	 67.1197
18214.018	 48.5721	 34.4916
18458.545	 48.2725	 1.0872
18706.355	 48.0542	 -23.3125
18957.494	 47.8566	 -49.8886
19212.002	 47.7021	 -80.8075
19469.928	 47.5652	 -117.9894
19731.316	 47.3955	 -162.4500
19996.215	 47.1366	 138.8504
20264.670	 46.8407	 46.9923
20536.729	 46.3978	 -22.6124
20812.439	 45.6879	 -42.2343
